[14:55:34] === ProjectX Session Start ===
[14:55:34] Session log -> logs\session_2025-08-09_14-55-34.log
[14:55:34] â–¶ï¸ Starting with user: WinHelper_2652
[14:55:39] ðŸš€ Launched: C:/Windows/System32/notepad.exe
[14:55:40] âœ… Target PID: 7116
[14:55:40] In-world readiness tick 1/3
[14:55:41] In-world readiness tick 2/3
[14:55:41] In-world readiness tick 3/3
[14:55:41] Distance to start: 0.00 yards
[14:55:41] â³ Adaptive start delay: 2.42s
[14:55:44] ðŸ—ºï¸  Starting path...
[14:55:44] === TEST MODE ACTION STREAM ===
[14:55:44] âž¡ Waypoint 1/4 -> (50.0, 0.0)
[14:55:51] âœ” Reached waypoint (50.0, 0.0)
[14:55:51] âž¡ Waypoint 2/4 -> (50.0, 50.0)
[14:55:59] âœ” Reached waypoint (50.0, 50.0)
[14:55:59] âž¡ Waypoint 3/4 -> (0.0, 50.0)
[14:56:06] âœ” Reached waypoint (0.0, 50.0)
[14:56:06] âž¡ Waypoint 4/4 -> (0.0, 0.0)
[14:56:14] âœ” Reached waypoint (0.0, 0.0)
[14:56:14] âœ… Path complete.
[14:56:14] ðŸ›‘ Killed target PID 7116.
[14:56:14] ðŸ§¹ Deleting user: WinHelper_2652
[14:56:14] âœ… User deleted.
[14:56:14] === ProjectX Session End ===
