[15:09:10] === ProjectX Session Start ===
[15:09:10] Session log -> logs\session_2025-08-09_15-09-10.log
[15:09:10] â–¶ï¸ Starting with user: SysMaint_1704
[15:09:10] ðŸš€ Launched: C:/Windows/System32/notepad.exe
[15:09:12] âœ… Target PID: 11064
[15:09:12] In-world readiness tick 1/3
[15:09:12] In-world readiness tick 2/3
[15:09:13] In-world readiness tick 3/3
[15:09:13] Distance to start: 0.00 yards
[15:09:13] â³ Adaptive start delay: 3.08s
[15:09:16] ðŸ—ºï¸  Starting path...
[15:09:16] === TEST MODE ACTION STREAM ===
[15:09:16] âž¡ Waypoint 1/4 -> (50.0, 0.0)
[15:09:23] âœ” Reached waypoint (50.0, 0.0)
[15:09:23] âž¡ Waypoint 2/4 -> (50.0, 50.0)
[15:09:31] âœ” Reached waypoint (50.0, 50.0)
[15:09:31] âž¡ Waypoint 3/4 -> (0.0, 50.0)
[15:09:38] âœ” Reached waypoint (0.0, 50.0)
[15:09:39] âž¡ Waypoint 4/4 -> (0.0, 0.0)
[15:09:46] âœ” Reached waypoint (0.0, 0.0)
[15:09:46] âœ… Path complete.
[15:09:46] ðŸ›‘ Killed target PID 11064.
[15:09:46] ðŸ§¹ Deleting user: SysMaint_1704
[15:09:46] âœ… User deleted.
[15:09:46] === ProjectX Session End ===
